  Deck.cpp
C:\Users\Usuario\Desktop\UNO_1.0\UNO1.0\UNO\UNO\Deck.cpp(82,73): warning C4244: 'argumento': conversión de 'T' a 'float'; posible pérdida de datos
          with
          [
              T=unsigned int
          ]
C:\Users\Usuario\Desktop\UNO_1.0\UNO1.0\UNO\UNO\Deck.cpp(82,47): warning C4244: 'argumento': conversión de 'T' a 'float'; posible pérdida de datos
          with
          [
              T=unsigned int
          ]
C:\Users\Usuario\Desktop\UNO_1.0\UNO1.0\UNO\UNO\Deck.cpp(89,84): warning C4244: 'argumento': conversión de 'T' a 'T'; posible pérdida de datos
          with
          [
              T=unsigned int
          ]
          and
          [
              T=float
          ]
C:\Users\Usuario\Desktop\UNO_1.0\UNO1.0\UNO\UNO\Deck.cpp(89,58): warning C4244: 'argumento': conversión de 'T' a 'T'; posible pérdida de datos
          with
          [
              T=unsigned int
          ]
          and
          [
              T=float
          ]
C:\Users\Usuario\Desktop\UNO_1.0\UNO1.0\UNO\UNO\Deck.cpp(203): warning C4715: 'Deck::checkEmptyPos': no todas las rutas de acceso de control devuelven un valor
C:\Users\Usuario\Desktop\UNO_1.0\UNO1.0\UNO\UNO\Deck.cpp(247): warning C4715: 'Deck::playerDeckIsPressed': no todas las rutas de acceso de control devuelven un valor
  UNO.vcxproj -> C:\Users\Usuario\Desktop\UNO_1.0\UNO1.0\UNO\x64\Debug\UNO.exe
